<?xml version="1.0" encoding="UTF-8"?>
<testng-results ignored="0" total="1" passed="1" failed="0" skipped="0">
  <reporter-output>
  </reporter-output>
  <suite started-at="2024-05-28T19:47:25 IST" name="Default suite" finished-at="2024-05-28T19:48:18 IST" duration-ms="52600">
    <groups>
    </groups>
    <test started-at="2024-05-28T19:47:25 IST" name="Default test" finished-at="2024-05-28T19:48:18 IST" duration-ms="52600">
      <class name="com.LoginPage.www.VerifyLogin">
        <test-method signature="verifyLoginButton()[pri:1, instance:com.LoginPage.www.VerifyLogin@6bbe85a8]" started-at="2024-05-28T19:47:25 IST" name="verifyLoginButton" finished-at="2024-05-28T19:48:12 IST" duration-ms="46117" status="PASS">
          <reporter-output>
          </reporter-output>
        </test-method> <!-- verifyLoginButton -->
        <test-method is-config="true" signature="closeDriver()[pri:0, instance:com.LoginPage.www.VerifyLogin@6bbe85a8]" started-at="2024-05-28T19:48:12 IST" name="closeDriver" finished-at="2024-05-28T19:48:18 IST" duration-ms="6193" status="PASS">
          <reporter-output>
          </reporter-output>
        </test-method> <!-- closeDriver -->
      </class> <!-- com.LoginPage.www.VerifyLogin -->
    </test> <!-- Default test -->
  </suite> <!-- Default suite -->
</testng-results>
